<?xml version="1.0" encoding="UTF-8"?>
<!-- Generated by org.testng.reporters.JUnitXMLReporter -->
<testsuite ignored="2" hostname="H-ElFekey-Laptop" failures="0" tests="1" name="Default test" time="5.638" errors="0" timestamp="2022-07-14T09:47:31 EET">
  <testcase classname="Tests.t1" name="TC002" time="2.15"/>
  <testcase classname="Tests.t1" name="TestCaseNo3" time="0.0">
    <ignored/>
  </testcase> <!-- TestCaseNo3 -->
  <testcase classname="Tests.t1" name="TC001" time="0.0">
    <ignored/>
  </testcase> <!-- TC001 -->
</testsuite> <!-- Default test -->
