<?xml version="1.0" encoding="UTF-8"?>
<!-- Generated by org.testng.reporters.JUnitXMLReporter -->
<testsuite ignored="1" hostname="192.168.1.3" failures="0" tests="1" name="Test3" time="39.94" errors="0" timestamp="2022-10-12T16:35:54 EET">
  <testcase classname="Tests.t1" name="TestCaseTwo" time="34.832">
    <skipped/>
  </testcase> <!-- TestCaseTwo -->
  <testcase classname="Tests.t1" name="TestCaseOne" time="0.0">
    <ignored/>
  </testcase> <!-- TestCaseOne -->
</testsuite> <!-- Test3 -->
