<?xml version="1.0" encoding="UTF-8"?>
<!-- Generated by org.testng.reporters.JUnitXMLReporter -->
<testsuite ignored="0" hostname="H-ElFekey-Laptop" failures="1" tests="3" name="Test" time="13.564" errors="0" timestamp="2022-07-14T08:25:23 EET">
  <testcase classname="Tests.t1" name="TC001" time="1.315"/>
  <testcase classname="Tests.t1" name="TC002" time="2.367"/>
  <testcase classname="Tests.t1" name="TestCaseNo3" time="3.437">
    <failure type="java.lang.AssertionError" message="expected [true] but found [false]">
      <![CDATA[java.lang.AssertionError: expected [true] but found [false]
at Tests.t1.TestCaseNo3(t1.java:48)
at java.base/java.util.concurrent.ThreadPoolExecutor.runWorker(ThreadPoolExecutor.java:1128)
at java.base/java.util.concurrent.ThreadPoolExecutor$Worker.run(ThreadPoolExecutor.java:628)
at java.base/java.lang.Thread.run(Thread.java:834)
... Removed 16 stack frames]]>
    </failure>
  </testcase> <!-- TestCaseNo3 -->
</testsuite> <!-- Test -->
