<?xml version="1.0" encoding="UTF-8"?>
<!-- Generated by org.testng.reporters.JUnitXMLReporter -->
<testsuite ignored="1" hostname="H-ElFekeys-MacBook-Air.local" failures="1" tests="2" name="Test(failed)" time="41.426" errors="0" timestamp="2022-07-29T15:51:20 EET">
  <testcase classname="Utilities.extentReportMethods" name="@AfterMethod after" time="0.835">
    <failure type="java.lang.NullPointerException">
      <![CDATA[java.lang.NullPointerException
at Utilities.extentReportMethods.InsertAllImagesToTheReport(extentReportMethods.java:198)
at Utilities.extentReportMethods.after(extentReportMethods.java:145)
at java.base/java.util.concurrent.ThreadPoolExecutor.runWorker(ThreadPoolExecutor.java:1128)
at java.base/java.util.concurrent.ThreadPoolExecutor$Worker.run(ThreadPoolExecutor.java:628)
at java.base/java.lang.Thread.run(Thread.java:834)
... Removed 17 stack frames]]>
    </failure>
  </testcase> <!-- @AfterMethod after -->
  <testcase classname="Utilities.extentReportMethods" name="@AfterMethod after" time="0.748">
    <failure type="java.lang.NullPointerException">
      <![CDATA[java.lang.NullPointerException
at Utilities.extentReportMethods.InsertAllImagesToTheReport(extentReportMethods.java:198)
at Utilities.extentReportMethods.after(extentReportMethods.java:160)
at java.base/java.util.concurrent.ThreadPoolExecutor.runWorker(ThreadPoolExecutor.java:1128)
at java.base/java.util.concurrent.ThreadPoolExecutor$Worker.run(ThreadPoolExecutor.java:628)
at java.base/java.lang.Thread.run(Thread.java:834)
... Removed 17 stack frames]]>
    </failure>
  </testcase> <!-- @AfterMethod after -->
  <testcase classname="Utilities.extentReportMethods" name="@AfterTest afterTest" time="-1.659102679831E9">
    <skipped/>
  </testcase> <!-- @AfterTest afterTest -->
  <testcase classname="Utilities.extentReportMethods" name="TestCaseTwo" time="37.694">
    <failure type="java.lang.AssertionError" message="expected [true] but found [false]">
      <![CDATA[java.lang.AssertionError: expected [true] but found [false]
at Utilities.extentReportMethods.TestCaseTwo(extentReportMethods.java:94)
at java.base/java.util.concurrent.ThreadPoolExecutor.runWorker(ThreadPoolExecutor.java:1128)
at java.base/java.util.concurrent.ThreadPoolExecutor$Worker.run(ThreadPoolExecutor.java:628)
at java.base/java.lang.Thread.run(Thread.java:834)
... Removed 16 stack frames]]>
    </failure>
  </testcase> <!-- TestCaseTwo -->
  <testcase classname="Utilities.extentReportMethods" name="TestCaseThree" time="36.657">
    <skipped/>
  </testcase> <!-- TestCaseThree -->
  <testcase classname="Utilities.extentReportMethods" name="TestCaseOne" time="0.0">
    <ignored/>
  </testcase> <!-- TestCaseOne -->
</testsuite> <!-- Test(failed) -->
