<?xml version="1.0" encoding="UTF-8"?>
<testng-results ignored="2" total="3" passed="1" failed="0" skipped="0">
  <reporter-output>
  </reporter-output>
  <suite started-at="2022-07-14T09:47:25 EET" name="Default suite" finished-at="2022-07-14T09:47:31 EET" duration-ms="5638">
    <groups>
    </groups>
    <test started-at="2022-07-14T09:47:25 EET" name="Default test" finished-at="2022-07-14T09:47:31 EET" duration-ms="5638">
      <class name="Tests.t1">
        <test-method is-config="true" signature="beforeSuite()[pri:0, instance:Tests.t1@25084a1e]" started-at="2022-07-14T09:47:25 EET" name="beforeSuite" finished-at="2022-07-14T09:47:25 EET" duration-ms="525" status="PASS">
          <reporter-output>
          </reporter-output>
        </test-method> <!-- beforeSuite -->
        <test-method is-config="true" signature="beforemethods()[pri:0, instance:Tests.t1@25084a1e]" started-at="2022-07-14T09:47:25 EET" name="beforemethods" finished-at="2022-07-14T09:47:27 EET" duration-ms="1722" status="PASS">
          <reporter-output>
          </reporter-output>
        </test-method> <!-- beforemethods -->
        <test-method signature="TC002()[pri:2, instance:Tests.t1@25084a1e]" started-at="2022-07-14T09:47:27 EET" name="TC002" description="Test CAse Two Saying Hello2" finished-at="2022-07-14T09:47:29 EET" duration-ms="2150" status="PASS">
          <reporter-output>
          </reporter-output>
        </test-method> <!-- TC002 -->
        <test-method is-config="true" signature="close()[pri:0, instance:Tests.t1@25084a1e]" started-at="2022-07-14T09:47:31 EET" name="close" finished-at="2022-07-14T09:47:31 EET" duration-ms="124" status="PASS">
          <reporter-output>
          </reporter-output>
        </test-method> <!-- close -->
      </class> <!-- Tests.t1 -->
    </test> <!-- Default test -->
  </suite> <!-- Default suite -->
</testng-results>
